生成启动时间为 2021/5/27 14:00:43。
     1>项目“C:\Users\86188\Desktop\ZDTXK-V4.7new20201202-1-ARM\ZDTXK-V4.7new20201202-1-ARM\displayctl.vcxproj”在节点 2 上(build 个目标)。
     1>InitializeBuildStatus:
         正在对“debug\displayctl.unsuccessfulbuild”执行 Touch 任务。
       CustomBuild:
         所有输出均为最新。
       ClCompile:
         d:\vs2010\VC\bin\CL.exe /c /ID:\Qt\4.8.5\include\QtCore /ID:\Qt\4.8.5\include\QtGui /ID:\Qt\4.8.5\include\Qt3Support /ID:\Qt\4.8.5\include /ID:\Qt\4.8.5\include\QtGui /ID:\Qt\4.8.5\include\QtCore /I"Qwt-6.0.0\include" /ID:\Qt\4.8.5\include\ActiveQt /Idebug /I. /I"D:\Qt\4.8.5\mkspecs\win32-msvc2010" /Zi /nologo /W3 /WX- /Od /Oy- /D _WINDOWS /D UNICODE /D WIN32 /D QT_DLL /D QWT_DLL /D QT_DEBUG /D QT_DLL /D QT_QT3SUPPORT_LIB /D QT3_SUPPORT /D QT_GUI_LIB /D QT_CORE_LIB /D QT_HAVE_MMX /D QT_HAVE_3DNOW /D QT_HAVE_SSE /D QT_HAVE_MMXEXT /D QT_HAVE_SSE2 /D QT_THREAD_SUPPORT /Gm- /EHsc /MDd /GS /fp:precise /Zc:wchar_t- /Zc:forScope /GR /Fo"debug\\" /Fd".\vc100.pdb" /Gd /TP /analyze- /errorReport:prompt CANdatarw.cpp adjcoefdlg.cpp basicparasetdlg.cpp chainsetdlg.cpp countdownWidget.cpp dcsetdlg.cpp faultcondWidget.cpp gpiodatarecvthread.cpp gpiorw.cpp hisCurvePlot.cpp hiscurveWidget.cpp inifileparse.cpp invalidsetdlg.cpp judgeprotection.cpp keyboarddlg.cpp logindlg.cpp main.cpp mainwindow.cpp md5encode.cpp passwordsetdlg.cpp runningstatusWidget.cpp syssetdlg.cpp tempermonitorWidget.cpp thresholdsetdlg.cpp debug\moc_adjcoefdlg.cpp debug\moc_basicparasetdlg.cpp debug\moc_chainsetdlg.cpp debug\moc_countdownWidget.cpp debug\moc_dcsetdlg.cpp debug\moc_faultcondWidget.cpp debug\moc_invalidsetdlg.cpp debug\moc_keyboarddlg.cpp debug\moc_logindlg.cpp debug\moc_mainwindow.cpp debug\moc_runningstatusWidget.cpp debug\moc_syssetdlg.cpp debug\moc_tempermonitorWidget.cpp debug\moc_thresholdsetdlg.cpp -Zm200 -w34100 -w34189 
         CANdatarw.cpp
     1>c:\users\86188\desktop\zdtxk-v4.7new20201202-1-arm\zdtxk-v4.7new20201202-1-arm\commmacro.h(8): fatal error C1083: 无法打开包括文件:“unistd.h”: No such file or directory
         adjcoefdlg.cpp
     1>c:\users\86188\desktop\zdtxk-v4.7new20201202-1-arm\zdtxk-v4.7new20201202-1-arm\mylineedit.h(22): warning C4520: “mylineedit”: 指定了多个默认构造函数
     1>c:\users\86188\desktop\zdtxk-v4.7new20201202-1-arm\zdtxk-v4.7new20201202-1-arm\commmacro.h(8): fatal error C1083: 无法打开包括文件:“unistd.h”: No such file or directory
         basicparasetdlg.cpp
     1>c:\users\86188\desktop\zdtxk-v4.7new20201202-1-arm\zdtxk-v4.7new20201202-1-arm\mylineedit.h(22): warning C4520: “mylineedit”: 指定了多个默认构造函数
     1>c:\users\86188\desktop\zdtxk-v4.7new20201202-1-arm\zdtxk-v4.7new20201202-1-arm\commmacro.h(8): fatal error C1083: 无法打开包括文件:“unistd.h”: No such file or directory
         chainsetdlg.cpp
     1>c:\users\86188\desktop\zdtxk-v4.7new20201202-1-arm\zdtxk-v4.7new20201202-1-arm\commmacro.h(8): fatal error C1083: 无法打开包括文件:“unistd.h”: No such file or directory
         countdownWidget.cpp
     1>c:\users\86188\desktop\zdtxk-v4.7new20201202-1-arm\zdtxk-v4.7new20201202-1-arm\commmacro.h(8): fatal error C1083: 无法打开包括文件:“unistd.h”: No such file or directory
         dcsetdlg.cpp
     1>c:\users\86188\desktop\zdtxk-v4.7new20201202-1-arm\zdtxk-v4.7new20201202-1-arm\commmacro.h(8): fatal error C1083: 无法打开包括文件:“unistd.h”: No such file or directory
         faultcondWidget.cpp
     1>c:\users\86188\desktop\zdtxk-v4.7new20201202-1-arm\zdtxk-v4.7new20201202-1-arm\commmacro.h(8): fatal error C1083: 无法打开包括文件:“unistd.h”: No such file or directory
         gpiodatarecvthread.cpp
     1>c:\users\86188\desktop\zdtxk-v4.7new20201202-1-arm\zdtxk-v4.7new20201202-1-arm\commmacro.h(8): fatal error C1083: 无法打开包括文件:“unistd.h”: No such file or directory
         gpiorw.cpp
     1>c:\users\86188\desktop\zdtxk-v4.7new20201202-1-arm\zdtxk-v4.7new20201202-1-arm\commmacro.h(8): fatal error C1083: 无法打开包括文件:“unistd.h”: No such file or directory
         hisCurvePlot.cpp
     1>c:\users\86188\desktop\zdtxk-v4.7new20201202-1-arm\zdtxk-v4.7new20201202-1-arm\commmacro.h(8): fatal error C1083: 无法打开包括文件:“unistd.h”: No such file or directory
         hiscurveWidget.cpp
     1>c:\users\86188\desktop\zdtxk-v4.7new20201202-1-arm\zdtxk-v4.7new20201202-1-arm\commmacro.h(8): fatal error C1083: 无法打开包括文件:“unistd.h”: No such file or directory
         inifileparse.cpp
     1>c:\users\86188\desktop\zdtxk-v4.7new20201202-1-arm\zdtxk-v4.7new20201202-1-arm\commmacro.h(8): fatal error C1083: 无法打开包括文件:“unistd.h”: No such file or directory
         invalidsetdlg.cpp
     1>C:\Users\86188\Desktop\ZDTXK-V4.7new20201202-1-ARM\ZDTXK-V4.7new20201202-1-ARM\mylineedit.h(22): warning C4520: “mylineedit”: 指定了多个默认构造函数
     1>c:\users\86188\desktop\zdtxk-v4.7new20201202-1-arm\zdtxk-v4.7new20201202-1-arm\commmacro.h(8): fatal error C1083: 无法打开包括文件:“unistd.h”: No such file or directory
         judgeprotection.cpp
     1>c:\users\86188\desktop\zdtxk-v4.7new20201202-1-arm\zdtxk-v4.7new20201202-1-arm\commmacro.h(8): fatal error C1083: 无法打开包括文件:“unistd.h”: No such file or directory
         keyboarddlg.cpp
     1>c:\users\86188\desktop\zdtxk-v4.7new20201202-1-arm\zdtxk-v4.7new20201202-1-arm\commmacro.h(8): fatal error C1083: 无法打开包括文件:“unistd.h”: No such file or directory
         logindlg.cpp
     1>logindlg.cpp : warning C4819: 该文件包含不能在当前代码页(936)中表示的字符。请将该文件保存为 Unicode 格式以防止数据丢失
     1>c:\users\86188\desktop\zdtxk-v4.7new20201202-1-arm\zdtxk-v4.7new20201202-1-arm\commmacro.h(8): fatal error C1083: 无法打开包括文件:“unistd.h”: No such file or directory
         main.cpp
     1>main.cpp : warning C4819: 该文件包含不能在当前代码页(936)中表示的字符。请将该文件保存为 Unicode 格式以防止数据丢失
     1>c:\users\86188\desktop\zdtxk-v4.7new20201202-1-arm\zdtxk-v4.7new20201202-1-arm\mainwindow.h : warning C4819: 该文件包含不能在当前代码页(936)中表示的字符。请将该文件保存为 Unicode 格式以防止数据丢失
     1>c:\users\86188\desktop\zdtxk-v4.7new20201202-1-arm\zdtxk-v4.7new20201202-1-arm\mylineedit.h(22): warning C4520: “mylineedit”: 指定了多个默认构造函数
     1>c:\users\86188\desktop\zdtxk-v4.7new20201202-1-arm\zdtxk-v4.7new20201202-1-arm\commmacro.h(8): fatal error C1083: 无法打开包括文件:“unistd.h”: No such file or directory
         mainwindow.cpp
     1>c:\users\86188\desktop\zdtxk-v4.7new20201202-1-arm\zdtxk-v4.7new20201202-1-arm\mainwindow.h : warning C4819: 该文件包含不能在当前代码页(936)中表示的字符。请将该文件保存为 Unicode 格式以防止数据丢失
     1>c:\users\86188\desktop\zdtxk-v4.7new20201202-1-arm\zdtxk-v4.7new20201202-1-arm\mylineedit.h(22): warning C4520: “mylineedit”: 指定了多个默认构造函数
     1>c:\users\86188\desktop\zdtxk-v4.7new20201202-1-arm\zdtxk-v4.7new20201202-1-arm\commmacro.h(8): fatal error C1083: 无法打开包括文件:“unistd.h”: No such file or directory
         md5encode.cpp
     1>c:\users\86188\desktop\zdtxk-v4.7new20201202-1-arm\zdtxk-v4.7new20201202-1-arm\commmacro.h(8): fatal error C1083: 无法打开包括文件:“unistd.h”: No such file or directory
         passwordsetdlg.cpp
     1>c:\users\86188\desktop\zdtxk-v4.7new20201202-1-arm\zdtxk-v4.7new20201202-1-arm\commmacro.h(8): fatal error C1083: 无法打开包括文件:“unistd.h”: No such file or directory
         正在生成代码...
         正在编译...
         runningstatusWidget.cpp
     1>c:\users\86188\desktop\zdtxk-v4.7new20201202-1-arm\zdtxk-v4.7new20201202-1-arm\commmacro.h(8): fatal error C1083: 无法打开包括文件:“unistd.h”: No such file or directory
         syssetdlg.cpp
     1>c:\users\86188\desktop\zdtxk-v4.7new20201202-1-arm\zdtxk-v4.7new20201202-1-arm\commmacro.h(8): fatal error C1083: 无法打开包括文件:“unistd.h”: No such file or directory
         tempermonitorWidget.cpp
     1>c:\users\86188\desktop\zdtxk-v4.7new20201202-1-arm\zdtxk-v4.7new20201202-1-arm\commmacro.h(8): fatal error C1083: 无法打开包括文件:“unistd.h”: No such file or directory
         thresholdsetdlg.cpp
     1>c:\users\86188\desktop\zdtxk-v4.7new20201202-1-arm\zdtxk-v4.7new20201202-1-arm\mylineedit.h(22): warning C4520: “mylineedit”: 指定了多个默认构造函数
     1>c:\users\86188\desktop\zdtxk-v4.7new20201202-1-arm\zdtxk-v4.7new20201202-1-arm\commmacro.h(8): fatal error C1083: 无法打开包括文件:“unistd.h”: No such file or directory
         moc_adjcoefdlg.cpp
     1>c:\users\86188\desktop\zdtxk-v4.7new20201202-1-arm\zdtxk-v4.7new20201202-1-arm\mylineedit.h(22): warning C4520: “mylineedit”: 指定了多个默认构造函数
     1>c:\users\86188\desktop\zdtxk-v4.7new20201202-1-arm\zdtxk-v4.7new20201202-1-arm\commmacro.h(8): fatal error C1083: 无法打开包括文件:“unistd.h”: No such file or directory
         moc_basicparasetdlg.cpp
     1>c:\users\86188\desktop\zdtxk-v4.7new20201202-1-arm\zdtxk-v4.7new20201202-1-arm\mylineedit.h(22): warning C4520: “mylineedit”: 指定了多个默认构造函数
     1>c:\users\86188\desktop\zdtxk-v4.7new20201202-1-arm\zdtxk-v4.7new20201202-1-arm\commmacro.h(8): fatal error C1083: 无法打开包括文件:“unistd.h”: No such file or directory
         moc_chainsetdlg.cpp
     1>c:\users\86188\desktop\zdtxk-v4.7new20201202-1-arm\zdtxk-v4.7new20201202-1-arm\commmacro.h(8): fatal error C1083: 无法打开包括文件:“unistd.h”: No such file or directory
         moc_countdownWidget.cpp
     1>c:\users\86188\desktop\zdtxk-v4.7new20201202-1-arm\zdtxk-v4.7new20201202-1-arm\commmacro.h(8): fatal error C1083: 无法打开包括文件:“unistd.h”: No such file or directory
         moc_dcsetdlg.cpp
     1>c:\users\86188\desktop\zdtxk-v4.7new20201202-1-arm\zdtxk-v4.7new20201202-1-arm\commmacro.h(8): fatal error C1083: 无法打开包括文件:“unistd.h”: No such file or directory
         moc_faultcondWidget.cpp
     1>c:\users\86188\desktop\zdtxk-v4.7new20201202-1-arm\zdtxk-v4.7new20201202-1-arm\commmacro.h(8): fatal error C1083: 无法打开包括文件:“unistd.h”: No such file or directory
         moc_invalidsetdlg.cpp
     1>C:\Users\86188\Desktop\ZDTXK-V4.7new20201202-1-ARM\ZDTXK-V4.7new20201202-1-ARM\mylineedit.h(22): warning C4520: “mylineedit”: 指定了多个默认构造函数
     1>c:\users\86188\desktop\zdtxk-v4.7new20201202-1-arm\zdtxk-v4.7new20201202-1-arm\commmacro.h(8): fatal error C1083: 无法打开包括文件:“unistd.h”: No such file or directory
         moc_keyboarddlg.cpp
     1>c:\users\86188\desktop\zdtxk-v4.7new20201202-1-arm\zdtxk-v4.7new20201202-1-arm\commmacro.h(8): fatal error C1083: 无法打开包括文件:“unistd.h”: No such file or directory
         moc_logindlg.cpp
     1>c:\users\86188\desktop\zdtxk-v4.7new20201202-1-arm\zdtxk-v4.7new20201202-1-arm\commmacro.h(8): fatal error C1083: 无法打开包括文件:“unistd.h”: No such file or directory
         moc_mainwindow.cpp
     1>c:\users\86188\desktop\zdtxk-v4.7new20201202-1-arm\zdtxk-v4.7new20201202-1-arm\debug\../mainwindow.h : warning C4819: 该文件包含不能在当前代码页(936)中表示的字符。请将该文件保存为 Unicode 格式以防止数据丢失
     1>c:\users\86188\desktop\zdtxk-v4.7new20201202-1-arm\zdtxk-v4.7new20201202-1-arm\mylineedit.h(22): warning C4520: “mylineedit”: 指定了多个默认构造函数
     1>c:\users\86188\desktop\zdtxk-v4.7new20201202-1-arm\zdtxk-v4.7new20201202-1-arm\commmacro.h(8): fatal error C1083: 无法打开包括文件:“unistd.h”: No such file or directory
         moc_runningstatusWidget.cpp
     1>c:\users\86188\desktop\zdtxk-v4.7new20201202-1-arm\zdtxk-v4.7new20201202-1-arm\commmacro.h(8): fatal error C1083: 无法打开包括文件:“unistd.h”: No such file or directory
         moc_syssetdlg.cpp
     1>c:\users\86188\desktop\zdtxk-v4.7new20201202-1-arm\zdtxk-v4.7new20201202-1-arm\commmacro.h(8): fatal error C1083: 无法打开包括文件:“unistd.h”: No such file or directory
         moc_tempermonitorWidget.cpp
     1>c:\users\86188\desktop\zdtxk-v4.7new20201202-1-arm\zdtxk-v4.7new20201202-1-arm\commmacro.h(8): fatal error C1083: 无法打开包括文件:“unistd.h”: No such file or directory
         moc_thresholdsetdlg.cpp
     1>c:\users\86188\desktop\zdtxk-v4.7new20201202-1-arm\zdtxk-v4.7new20201202-1-arm\mylineedit.h(22): warning C4520: “mylineedit”: 指定了多个默认构造函数
     1>c:\users\86188\desktop\zdtxk-v4.7new20201202-1-arm\zdtxk-v4.7new20201202-1-arm\commmacro.h(8): fatal error C1083: 无法打开包括文件:“unistd.h”: No such file or directory
         正在生成代码...
     1>已完成生成项目“C:\Users\86188\Desktop\ZDTXK-V4.7new20201202-1-ARM\ZDTXK-V4.7new20201202-1-ARM\displayctl.vcxproj”(build 个目标)的操作 - 失败。

生成失败。

已用时间 00:00:21.50
