D:\DESKTOP\主控程序\ZDTXK-V4.7NEW20201130-1-ARM\DEBUG\ADJCOEFDLG.OBJ
D:\DESKTOP\主控程序\ZDTXK-V4.7NEW20201130-1-ARM\DEBUG\BASICPARASETDLG.OBJ
D:\DESKTOP\主控程序\ZDTXK-V4.7NEW20201130-1-ARM\DEBUG\CANDATARW.OBJ
D:\DESKTOP\主控程序\ZDTXK-V4.7NEW20201130-1-ARM\DEBUG\CHAINSETDLG.OBJ
D:\DESKTOP\主控程序\ZDTXK-V4.7NEW20201130-1-ARM\DEBUG\COUNTDOWNWIDGET.OBJ
D:\DESKTOP\主控程序\ZDTXK-V4.7NEW20201130-1-ARM\DEBUG\DCSETDLG.OBJ
D:\DESKTOP\主控程序\ZDTXK-V4.7NEW20201130-1-ARM\DEBUG\DISPLAYCTL.EXE
D:\DESKTOP\主控程序\ZDTXK-V4.7NEW20201130-1-ARM\DEBUG\DISPLAYCTL.EXE.INTERMEDIATE.MANIFEST
D:\DESKTOP\主控程序\ZDTXK-V4.7NEW20201130-1-ARM\DEBUG\DISPLAYCTL.ILK
D:\DESKTOP\主控程序\ZDTXK-V4.7NEW20201130-1-ARM\DEBUG\DISPLAYCTL.PDB
D:\DESKTOP\主控程序\ZDTXK-V4.7NEW20201130-1-ARM\DEBUG\FAULTCONDWIDGET.OBJ
D:\DESKTOP\主控程序\ZDTXK-V4.7NEW20201130-1-ARM\DEBUG\GAINSETDLG.OBJ
D:\DESKTOP\主控程序\ZDTXK-V4.7NEW20201130-1-ARM\DEBUG\GPIODATARECVTHREAD.OBJ
D:\DESKTOP\主控程序\ZDTXK-V4.7NEW20201130-1-ARM\DEBUG\GPIORW.OBJ
D:\DESKTOP\主控程序\ZDTXK-V4.7NEW20201130-1-ARM\DEBUG\HISCURVEPLOT.OBJ
D:\DESKTOP\主控程序\ZDTXK-V4.7NEW20201130-1-ARM\DEBUG\HISCURVEWIDGET.OBJ
D:\DESKTOP\主控程序\ZDTXK-V4.7NEW20201130-1-ARM\DEBUG\INIFILEPARSE.OBJ
D:\DESKTOP\主控程序\ZDTXK-V4.7NEW20201130-1-ARM\DEBUG\INVALIDSETDLG.OBJ
D:\DESKTOP\主控程序\ZDTXK-V4.7NEW20201130-1-ARM\DEBUG\JUDGEPROTECTION.OBJ
D:\DESKTOP\主控程序\ZDTXK-V4.7NEW20201130-1-ARM\DEBUG\KEYBOARDDLG.OBJ
D:\DESKTOP\主控程序\ZDTXK-V4.7NEW20201130-1-ARM\DEBUG\LOGINDLG.OBJ
D:\DESKTOP\主控程序\ZDTXK-V4.7NEW20201130-1-ARM\DEBUG\MAIN.OBJ
D:\DESKTOP\主控程序\ZDTXK-V4.7NEW20201130-1-ARM\DEBUG\MAINWINDOW.OBJ
D:\DESKTOP\主控程序\ZDTXK-V4.7NEW20201130-1-ARM\DEBUG\MD5ENCODE.OBJ
D:\DESKTOP\主控程序\ZDTXK-V4.7NEW20201130-1-ARM\DEBUG\MOC_ADJCOEFDLG.CPP
D:\DESKTOP\主控程序\ZDTXK-V4.7NEW20201130-1-ARM\DEBUG\MOC_ADJCOEFDLG.OBJ
D:\DESKTOP\主控程序\ZDTXK-V4.7NEW20201130-1-ARM\DEBUG\MOC_BASICPARASETDLG.CPP
D:\DESKTOP\主控程序\ZDTXK-V4.7NEW20201130-1-ARM\DEBUG\MOC_BASICPARASETDLG.OBJ
D:\DESKTOP\主控程序\ZDTXK-V4.7NEW20201130-1-ARM\DEBUG\MOC_CHAINSETDLG.CPP
D:\DESKTOP\主控程序\ZDTXK-V4.7NEW20201130-1-ARM\DEBUG\MOC_CHAINSETDLG.OBJ
D:\DESKTOP\主控程序\ZDTXK-V4.7NEW20201130-1-ARM\DEBUG\MOC_COUNTDOWNWIDGET.CPP
D:\DESKTOP\主控程序\ZDTXK-V4.7NEW20201130-1-ARM\DEBUG\MOC_COUNTDOWNWIDGET.OBJ
D:\DESKTOP\主控程序\ZDTXK-V4.7NEW20201130-1-ARM\DEBUG\MOC_DCSETDLG.CPP
D:\DESKTOP\主控程序\ZDTXK-V4.7NEW20201130-1-ARM\DEBUG\MOC_DCSETDLG.OBJ
D:\DESKTOP\主控程序\ZDTXK-V4.7NEW20201130-1-ARM\DEBUG\MOC_FAULTCONDWIDGET.CPP
D:\DESKTOP\主控程序\ZDTXK-V4.7NEW20201130-1-ARM\DEBUG\MOC_FAULTCONDWIDGET.OBJ
D:\DESKTOP\主控程序\ZDTXK-V4.7NEW20201130-1-ARM\DEBUG\MOC_GAINSETDLG.CPP
D:\DESKTOP\主控程序\ZDTXK-V4.7NEW20201130-1-ARM\DEBUG\MOC_GAINSETDLG.OBJ
D:\DESKTOP\主控程序\ZDTXK-V4.7NEW20201130-1-ARM\DEBUG\MOC_HISCURVEPLOT.CPP
D:\DESKTOP\主控程序\ZDTXK-V4.7NEW20201130-1-ARM\DEBUG\MOC_HISCURVEPLOT.OBJ
D:\DESKTOP\主控程序\ZDTXK-V4.7NEW20201130-1-ARM\DEBUG\MOC_HISCURVEWIDGET.CPP
D:\DESKTOP\主控程序\ZDTXK-V4.7NEW20201130-1-ARM\DEBUG\MOC_HISCURVEWIDGET.OBJ
D:\DESKTOP\主控程序\ZDTXK-V4.7NEW20201130-1-ARM\DEBUG\MOC_INVALIDSETDLG.CPP
D:\DESKTOP\主控程序\ZDTXK-V4.7NEW20201130-1-ARM\DEBUG\MOC_INVALIDSETDLG.OBJ
D:\DESKTOP\主控程序\ZDTXK-V4.7NEW20201130-1-ARM\DEBUG\MOC_KEYBOARDDLG.CPP
D:\DESKTOP\主控程序\ZDTXK-V4.7NEW20201130-1-ARM\DEBUG\MOC_KEYBOARDDLG.OBJ
D:\DESKTOP\主控程序\ZDTXK-V4.7NEW20201130-1-ARM\DEBUG\MOC_LOGINDLG.CPP
D:\DESKTOP\主控程序\ZDTXK-V4.7NEW20201130-1-ARM\DEBUG\MOC_LOGINDLG.OBJ
D:\DESKTOP\主控程序\ZDTXK-V4.7NEW20201130-1-ARM\DEBUG\MOC_MAINWINDOW.CPP
D:\DESKTOP\主控程序\ZDTXK-V4.7NEW20201130-1-ARM\DEBUG\MOC_MAINWINDOW.OBJ
D:\DESKTOP\主控程序\ZDTXK-V4.7NEW20201130-1-ARM\DEBUG\MOC_MYLINEEDIT.CPP
D:\DESKTOP\主控程序\ZDTXK-V4.7NEW20201130-1-ARM\DEBUG\MOC_MYLINEEDIT.OBJ
D:\DESKTOP\主控程序\ZDTXK-V4.7NEW20201130-1-ARM\DEBUG\MOC_PASSWORDSETDLG.CPP
D:\DESKTOP\主控程序\ZDTXK-V4.7NEW20201130-1-ARM\DEBUG\MOC_PASSWORDSETDLG.OBJ
D:\DESKTOP\主控程序\ZDTXK-V4.7NEW20201130-1-ARM\DEBUG\MOC_PLOTUSERCLASS.CPP
D:\DESKTOP\主控程序\ZDTXK-V4.7NEW20201130-1-ARM\DEBUG\MOC_PLOTUSERCLASS.OBJ
D:\DESKTOP\主控程序\ZDTXK-V4.7NEW20201130-1-ARM\DEBUG\MOC_RUNNINGSTATUSWIDGET.CPP
D:\DESKTOP\主控程序\ZDTXK-V4.7NEW20201130-1-ARM\DEBUG\MOC_RUNNINGSTATUSWIDGET.OBJ
D:\DESKTOP\主控程序\ZDTXK-V4.7NEW20201130-1-ARM\DEBUG\MOC_SYSSETDLG.CPP
D:\DESKTOP\主控程序\ZDTXK-V4.7NEW20201130-1-ARM\DEBUG\MOC_SYSSETDLG.OBJ
D:\DESKTOP\主控程序\ZDTXK-V4.7NEW20201130-1-ARM\DEBUG\MOC_TEMPERMONITORWIDGET.CPP
D:\DESKTOP\主控程序\ZDTXK-V4.7NEW20201130-1-ARM\DEBUG\MOC_TEMPERMONITORWIDGET.OBJ
D:\DESKTOP\主控程序\ZDTXK-V4.7NEW20201130-1-ARM\DEBUG\MOC_THRESHOLDSETDLG.CPP
D:\DESKTOP\主控程序\ZDTXK-V4.7NEW20201130-1-ARM\DEBUG\MOC_THRESHOLDSETDLG.OBJ
D:\DESKTOP\主控程序\ZDTXK-V4.7NEW20201130-1-ARM\DEBUG\MYLINEEDIT.OBJ
D:\DESKTOP\主控程序\ZDTXK-V4.7NEW20201130-1-ARM\DEBUG\PASSWORDSETDLG.OBJ
D:\DESKTOP\主控程序\ZDTXK-V4.7NEW20201130-1-ARM\DEBUG\PLOTUSERCLASS.OBJ
D:\DESKTOP\主控程序\ZDTXK-V4.7NEW20201130-1-ARM\DEBUG\RUNNINGSTATUSWIDGET.OBJ
D:\DESKTOP\主控程序\ZDTXK-V4.7NEW20201130-1-ARM\DEBUG\SYSSETDLG.OBJ
D:\DESKTOP\主控程序\ZDTXK-V4.7NEW20201130-1-ARM\DEBUG\TEMPERMONITORWIDGET.OBJ
D:\DESKTOP\主控程序\ZDTXK-V4.7NEW20201130-1-ARM\DEBUG\THRESHOLDSETDLG.OBJ
D:\DESKTOP\主控程序\ZDTXK-V4.7NEW20201130-1-ARM\UI_ADJCOEF.H
D:\DESKTOP\主控程序\ZDTXK-V4.7NEW20201130-1-ARM\UI_BASICPARASET.H
D:\DESKTOP\主控程序\ZDTXK-V4.7NEW20201130-1-ARM\UI_CHAINSET.H
D:\DESKTOP\主控程序\ZDTXK-V4.7NEW20201130-1-ARM\UI_COUNTDOWN.H
D:\DESKTOP\主控程序\ZDTXK-V4.7NEW20201130-1-ARM\UI_DCSET.H
D:\DESKTOP\主控程序\ZDTXK-V4.7NEW20201130-1-ARM\UI_FAULTCONDITION.H
D:\DESKTOP\主控程序\ZDTXK-V4.7NEW20201130-1-ARM\UI_GAINSET.H
D:\DESKTOP\主控程序\ZDTXK-V4.7NEW20201130-1-ARM\UI_HISCURVE.H
D:\DESKTOP\主控程序\ZDTXK-V4.7NEW20201130-1-ARM\UI_INVALIDSET.H
D:\DESKTOP\主控程序\ZDTXK-V4.7NEW20201130-1-ARM\UI_KEYBOARD.H
D:\DESKTOP\主控程序\ZDTXK-V4.7NEW20201130-1-ARM\UI_LOGIN.H
D:\DESKTOP\主控程序\ZDTXK-V4.7NEW20201130-1-ARM\UI_MAINWINDOW.H
D:\DESKTOP\主控程序\ZDTXK-V4.7NEW20201130-1-ARM\UI_PASSWORDSET.H
D:\DESKTOP\主控程序\ZDTXK-V4.7NEW20201130-1-ARM\UI_RUNNINGSTATUS.H
D:\DESKTOP\主控程序\ZDTXK-V4.7NEW20201130-1-ARM\UI_SYSSET.H
D:\DESKTOP\主控程序\ZDTXK-V4.7NEW20201130-1-ARM\UI_TEMPERATUREMONITOR.H
D:\DESKTOP\主控程序\ZDTXK-V4.7NEW20201130-1-ARM\UI_TEST.H
D:\DESKTOP\主控程序\ZDTXK-V4.7NEW20201130-1-ARM\UI_THRESHOLDSET.H
D:\DESKTOP\主控程序\ZDTXK-V4.7NEW20201130-1-ARM\VC100.PDB
D:\DESKTOP\主控程序\ZDTXK-V4.7NEW20201202-1-ARM\DEBUG\ADJCOEFDLG.OBJ
D:\DESKTOP\主控程序\ZDTXK-V4.7NEW20201202-1-ARM\DEBUG\BASICPARASETDLG.OBJ
D:\DESKTOP\主控程序\ZDTXK-V4.7NEW20201202-1-ARM\DEBUG\CANDATARW.OBJ
D:\DESKTOP\主控程序\ZDTXK-V4.7NEW20201202-1-ARM\DEBUG\CHAINSETDLG.OBJ
D:\Desktop\主控程序\ZDTXK-V4.7new20201202-1-ARM\debug\cl.command.1.tlog
D:\Desktop\主控程序\ZDTXK-V4.7new20201202-1-ARM\debug\CL.read.1.tlog
D:\Desktop\主控程序\ZDTXK-V4.7new20201202-1-ARM\debug\CL.write.1.tlog
D:\DESKTOP\主控程序\ZDTXK-V4.7NEW20201202-1-ARM\DEBUG\COUNTDOWNWIDGET.OBJ
D:\Desktop\主控程序\ZDTXK-V4.7new20201202-1-ARM\debug\custombuild.command.1.tlog
D:\Desktop\主控程序\ZDTXK-V4.7new20201202-1-ARM\debug\custombuild.read.1.tlog
D:\Desktop\主控程序\ZDTXK-V4.7new20201202-1-ARM\debug\custombuild.write.1.tlog
D:\DESKTOP\主控程序\ZDTXK-V4.7NEW20201202-1-ARM\DEBUG\DCSETDLG.OBJ
D:\DESKTOP\主控程序\ZDTXK-V4.7NEW20201202-1-ARM\DEBUG\DISPLAYCTL.EXE
D:\DESKTOP\主控程序\ZDTXK-V4.7NEW20201202-1-ARM\DEBUG\DISPLAYCTL.EXE.INTERMEDIATE.MANIFEST
D:\DESKTOP\主控程序\ZDTXK-V4.7NEW20201202-1-ARM\DEBUG\DISPLAYCTL.ILK
D:\DESKTOP\主控程序\ZDTXK-V4.7NEW20201202-1-ARM\DEBUG\DISPLAYCTL.PDB
D:\Desktop\主控程序\ZDTXK-V4.7new20201202-1-ARM\debug\displayctl.vcxprojResolveAssemblyReference.cache
D:\Desktop\主控程序\ZDTXK-V4.7new20201202-1-ARM\debug\displayctl.write.1.tlog
D:\DESKTOP\主控程序\ZDTXK-V4.7NEW20201202-1-ARM\DEBUG\FAULTCONDWIDGET.OBJ
D:\DESKTOP\主控程序\ZDTXK-V4.7NEW20201202-1-ARM\DEBUG\GAINSETDLG.OBJ
D:\DESKTOP\主控程序\ZDTXK-V4.7NEW20201202-1-ARM\DEBUG\GPIODATARECVTHREAD.OBJ
D:\DESKTOP\主控程序\ZDTXK-V4.7NEW20201202-1-ARM\DEBUG\GPIORW.OBJ
D:\DESKTOP\主控程序\ZDTXK-V4.7NEW20201202-1-ARM\DEBUG\HISCURVEPLOT.OBJ
D:\DESKTOP\主控程序\ZDTXK-V4.7NEW20201202-1-ARM\DEBUG\HISCURVEWIDGET.OBJ
D:\DESKTOP\主控程序\ZDTXK-V4.7NEW20201202-1-ARM\DEBUG\INIFILEPARSE.OBJ
D:\DESKTOP\主控程序\ZDTXK-V4.7NEW20201202-1-ARM\DEBUG\INVALIDSETDLG.OBJ
D:\DESKTOP\主控程序\ZDTXK-V4.7NEW20201202-1-ARM\DEBUG\JUDGEPROTECTION.OBJ
D:\DESKTOP\主控程序\ZDTXK-V4.7NEW20201202-1-ARM\DEBUG\KEYBOARDDLG.OBJ
D:\Desktop\主控程序\ZDTXK-V4.7new20201202-1-ARM\debug\link.command.1.tlog
D:\Desktop\主控程序\ZDTXK-V4.7new20201202-1-ARM\debug\link.read.1.tlog
D:\Desktop\主控程序\ZDTXK-V4.7new20201202-1-ARM\debug\link.write.1.tlog
D:\DESKTOP\主控程序\ZDTXK-V4.7NEW20201202-1-ARM\DEBUG\LOGINDLG.OBJ
D:\DESKTOP\主控程序\ZDTXK-V4.7NEW20201202-1-ARM\DEBUG\MAIN.OBJ
D:\DESKTOP\主控程序\ZDTXK-V4.7NEW20201202-1-ARM\DEBUG\MAINWINDOW.OBJ
D:\DESKTOP\主控程序\ZDTXK-V4.7NEW20201202-1-ARM\DEBUG\MD5ENCODE.OBJ
D:\DESKTOP\主控程序\ZDTXK-V4.7NEW20201202-1-ARM\DEBUG\MOC_ADJCOEFDLG.CPP
D:\DESKTOP\主控程序\ZDTXK-V4.7NEW20201202-1-ARM\DEBUG\MOC_ADJCOEFDLG.OBJ
D:\DESKTOP\主控程序\ZDTXK-V4.7NEW20201202-1-ARM\DEBUG\MOC_BASICPARASETDLG.CPP
D:\DESKTOP\主控程序\ZDTXK-V4.7NEW20201202-1-ARM\DEBUG\MOC_BASICPARASETDLG.OBJ
D:\DESKTOP\主控程序\ZDTXK-V4.7NEW20201202-1-ARM\DEBUG\MOC_CHAINSETDLG.CPP
D:\DESKTOP\主控程序\ZDTXK-V4.7NEW20201202-1-ARM\DEBUG\MOC_CHAINSETDLG.OBJ
D:\DESKTOP\主控程序\ZDTXK-V4.7NEW20201202-1-ARM\DEBUG\MOC_COUNTDOWNWIDGET.CPP
D:\DESKTOP\主控程序\ZDTXK-V4.7NEW20201202-1-ARM\DEBUG\MOC_COUNTDOWNWIDGET.OBJ
D:\DESKTOP\主控程序\ZDTXK-V4.7NEW20201202-1-ARM\DEBUG\MOC_DCSETDLG.CPP
D:\DESKTOP\主控程序\ZDTXK-V4.7NEW20201202-1-ARM\DEBUG\MOC_DCSETDLG.OBJ
D:\DESKTOP\主控程序\ZDTXK-V4.7NEW20201202-1-ARM\DEBUG\MOC_FAULTCONDWIDGET.CPP
D:\DESKTOP\主控程序\ZDTXK-V4.7NEW20201202-1-ARM\DEBUG\MOC_FAULTCONDWIDGET.OBJ
D:\DESKTOP\主控程序\ZDTXK-V4.7NEW20201202-1-ARM\DEBUG\MOC_GAINSETDLG.CPP
D:\DESKTOP\主控程序\ZDTXK-V4.7NEW20201202-1-ARM\DEBUG\MOC_GAINSETDLG.OBJ
D:\DESKTOP\主控程序\ZDTXK-V4.7NEW20201202-1-ARM\DEBUG\MOC_HISCURVEPLOT.CPP
D:\DESKTOP\主控程序\ZDTXK-V4.7NEW20201202-1-ARM\DEBUG\MOC_HISCURVEPLOT.OBJ
D:\DESKTOP\主控程序\ZDTXK-V4.7NEW20201202-1-ARM\DEBUG\MOC_HISCURVEWIDGET.CPP
D:\DESKTOP\主控程序\ZDTXK-V4.7NEW20201202-1-ARM\DEBUG\MOC_HISCURVEWIDGET.OBJ
D:\DESKTOP\主控程序\ZDTXK-V4.7NEW20201202-1-ARM\DEBUG\MOC_INVALIDSETDLG.CPP
D:\DESKTOP\主控程序\ZDTXK-V4.7NEW20201202-1-ARM\DEBUG\MOC_INVALIDSETDLG.OBJ
D:\DESKTOP\主控程序\ZDTXK-V4.7NEW20201202-1-ARM\DEBUG\MOC_KEYBOARDDLG.CPP
D:\DESKTOP\主控程序\ZDTXK-V4.7NEW20201202-1-ARM\DEBUG\MOC_KEYBOARDDLG.OBJ
D:\DESKTOP\主控程序\ZDTXK-V4.7NEW20201202-1-ARM\DEBUG\MOC_LOGINDLG.CPP
D:\DESKTOP\主控程序\ZDTXK-V4.7NEW20201202-1-ARM\DEBUG\MOC_LOGINDLG.OBJ
D:\DESKTOP\主控程序\ZDTXK-V4.7NEW20201202-1-ARM\DEBUG\MOC_MAINWINDOW.CPP
D:\DESKTOP\主控程序\ZDTXK-V4.7NEW20201202-1-ARM\DEBUG\MOC_MAINWINDOW.OBJ
D:\DESKTOP\主控程序\ZDTXK-V4.7NEW20201202-1-ARM\DEBUG\MOC_MYLINEEDIT.CPP
D:\DESKTOP\主控程序\ZDTXK-V4.7NEW20201202-1-ARM\DEBUG\MOC_MYLINEEDIT.OBJ
D:\DESKTOP\主控程序\ZDTXK-V4.7NEW20201202-1-ARM\DEBUG\MOC_PASSWORDSETDLG.CPP
D:\DESKTOP\主控程序\ZDTXK-V4.7NEW20201202-1-ARM\DEBUG\MOC_PASSWORDSETDLG.OBJ
D:\DESKTOP\主控程序\ZDTXK-V4.7NEW20201202-1-ARM\DEBUG\MOC_PLOTUSERCLASS.CPP
D:\DESKTOP\主控程序\ZDTXK-V4.7NEW20201202-1-ARM\DEBUG\MOC_PLOTUSERCLASS.OBJ
D:\DESKTOP\主控程序\ZDTXK-V4.7NEW20201202-1-ARM\DEBUG\MOC_RUNNINGSTATUSWIDGET.CPP
D:\DESKTOP\主控程序\ZDTXK-V4.7NEW20201202-1-ARM\DEBUG\MOC_RUNNINGSTATUSWIDGET.OBJ
D:\DESKTOP\主控程序\ZDTXK-V4.7NEW20201202-1-ARM\DEBUG\MOC_SYSSETDLG.CPP
D:\DESKTOP\主控程序\ZDTXK-V4.7NEW20201202-1-ARM\DEBUG\MOC_SYSSETDLG.OBJ
D:\DESKTOP\主控程序\ZDTXK-V4.7NEW20201202-1-ARM\DEBUG\MOC_TEMPERMONITORWIDGET.CPP
D:\DESKTOP\主控程序\ZDTXK-V4.7NEW20201202-1-ARM\DEBUG\MOC_TEMPERMONITORWIDGET.OBJ
D:\DESKTOP\主控程序\ZDTXK-V4.7NEW20201202-1-ARM\DEBUG\MOC_THRESHOLDSETDLG.CPP
D:\DESKTOP\主控程序\ZDTXK-V4.7NEW20201202-1-ARM\DEBUG\MOC_THRESHOLDSETDLG.OBJ
D:\Desktop\主控程序\ZDTXK-V4.7new20201202-1-ARM\debug\mt.command.1.tlog
D:\Desktop\主控程序\ZDTXK-V4.7new20201202-1-ARM\debug\mt.read.1.tlog
D:\Desktop\主控程序\ZDTXK-V4.7new20201202-1-ARM\debug\mt.write.1.tlog
D:\DESKTOP\主控程序\ZDTXK-V4.7NEW20201202-1-ARM\DEBUG\MYLINEEDIT.OBJ
D:\DESKTOP\主控程序\ZDTXK-V4.7NEW20201202-1-ARM\DEBUG\PASSWORDSETDLG.OBJ
D:\DESKTOP\主控程序\ZDTXK-V4.7NEW20201202-1-ARM\DEBUG\PLOTUSERCLASS.OBJ
D:\DESKTOP\主控程序\ZDTXK-V4.7NEW20201202-1-ARM\DEBUG\RUNNINGSTATUSWIDGET.OBJ
D:\DESKTOP\主控程序\ZDTXK-V4.7NEW20201202-1-ARM\DEBUG\SYSSETDLG.OBJ
D:\DESKTOP\主控程序\ZDTXK-V4.7NEW20201202-1-ARM\DEBUG\TEMPERMONITORWIDGET.OBJ
D:\DESKTOP\主控程序\ZDTXK-V4.7NEW20201202-1-ARM\DEBUG\THRESHOLDSETDLG.OBJ
D:\DESKTOP\主控程序\ZDTXK-V4.7NEW20201202-1-ARM\UI_ADJCOEF.H
D:\DESKTOP\主控程序\ZDTXK-V4.7NEW20201202-1-ARM\UI_BASICPARASET.H
D:\DESKTOP\主控程序\ZDTXK-V4.7NEW20201202-1-ARM\UI_CHAINSET.H
D:\DESKTOP\主控程序\ZDTXK-V4.7NEW20201202-1-ARM\UI_COUNTDOWN.H
D:\DESKTOP\主控程序\ZDTXK-V4.7NEW20201202-1-ARM\UI_DCSET.H
D:\DESKTOP\主控程序\ZDTXK-V4.7NEW20201202-1-ARM\UI_FAULTCONDITION.H
D:\DESKTOP\主控程序\ZDTXK-V4.7NEW20201202-1-ARM\UI_GAINSET.H
D:\DESKTOP\主控程序\ZDTXK-V4.7NEW20201202-1-ARM\UI_HISCURVE.H
D:\DESKTOP\主控程序\ZDTXK-V4.7NEW20201202-1-ARM\UI_INVALIDSET.H
D:\DESKTOP\主控程序\ZDTXK-V4.7NEW20201202-1-ARM\UI_KEYBOARD.H
D:\DESKTOP\主控程序\ZDTXK-V4.7NEW20201202-1-ARM\UI_LOGIN.H
D:\DESKTOP\主控程序\ZDTXK-V4.7NEW20201202-1-ARM\UI_MAINWINDOW.H
D:\DESKTOP\主控程序\ZDTXK-V4.7NEW20201202-1-ARM\UI_PASSWORDSET.H
D:\DESKTOP\主控程序\ZDTXK-V4.7NEW20201202-1-ARM\UI_RUNNINGSTATUS.H
D:\DESKTOP\主控程序\ZDTXK-V4.7NEW20201202-1-ARM\UI_SYSSET.H
D:\DESKTOP\主控程序\ZDTXK-V4.7NEW20201202-1-ARM\UI_TEMPERATUREMONITOR.H
D:\DESKTOP\主控程序\ZDTXK-V4.7NEW20201202-1-ARM\UI_TEST.H
D:\DESKTOP\主控程序\ZDTXK-V4.7NEW20201202-1-ARM\UI_THRESHOLDSET.H
D:\DESKTOP\主控程序\ZDTXK-V4.7NEW20201202-1-ARM\VC100.PDB
debug\displayctl.ilk
debug\displayctl.pdb
